['int', -1]
['identifier', [26, 1]]
['=', -1]
['constant', [15, 1]]
[',', -1]
['identifier', [20, 1]]
['.', -1]
['boolean', -1]
['identifier', [4, 1]]
['=', -1]
['constant', [12, 1]]
['.', -1]
['while', -1]
['identifier', [20, 1]]
['*', -1]
['identifier', [20, 1]]
['<', -1]
['identifier', [26, 1]]
['do:', -1]
['if', -1]
['identifier', [20, 1]]
['mod', -1]
['identifier', [26, 1]]
['=', -1]
['constant', [0, 1]]
['then:', -1]
['identifier', [4, 1]]
['=', -1]
['constant', [27, 1]]
['.', -1]
['exit.', -1]
['identifier', [26, 1]]
['=+', -1]
['constant', [15, 1]]
['.', -1]
['write', -1]
['identifier', [4, 1]]
['.', -1]
